<?xml version="1.0" encoding="UTF-8"?>
<!-- Generated by org.testng.reporters.JUnitReportReporter -->
<testsuite skipped="0" hostname="DESKTOP-5TDU5SH" name="test.AddCustomerTest" tests="1" failures="0" timestamp="2023-04-20T10:07:37 CDT" time="8.156" errors="0">
  <testcase name="validUserBeAbleToCreateCustomer" time="8.156" classname="test.AddCustomerTest"/>
  <system-out/>
</testsuite> <!-- test.AddCustomerTest -->
